<?xml version="1.0" encoding="UTF-8"?>
<testng-results skipped="0" failed="1" total="32" passed="31">
  <reporter-output>
  </reporter-output>
  <suite name="Default suite" duration-ms="135" started-at="2016-04-27T03:29:09Z" finished-at="2016-04-27T03:29:10Z">
    <groups>
    </groups>
    <test name="Default test" duration-ms="135" started-at="2016-04-27T03:29:09Z" finished-at="2016-04-27T03:29:10Z">
      <class name="com.swa.samples.RomanNumberTranslatorTest">
        <test-method status="PASS" signature="initialize()[pri:0, instance:com.swa.samples.RomanNumberTranslatorTest@3701eaf6]" name="initialize" is-config="true" duration-ms="53" started-at="2016-04-26T22:29:09Z" finished-at="2016-04-26T22:29:09Z">
          <reporter-output>
          </reporter-output>
        </test-method> <!-- initialize -->
        <test-method status="PASS" signature="aSingleNumberC()[pri:0, instance:com.swa.samples.RomanNumberTranslatorTest@3701eaf6]" name="aSingleNumberC" duration-ms="15" started-at="2016-04-26T22:29:09Z" finished-at="2016-04-26T22:29:09Z">
          <reporter-output>
          </reporter-output>
        </test-method> <!-- aSingleNumberC -->
        <test-method status="PASS" signature="aSingleNumberM()[pri:0, instance:com.swa.samples.RomanNumberTranslatorTest@3701eaf6]" name="aSingleNumberM" duration-ms="0" started-at="2016-04-26T22:29:09Z" finished-at="2016-04-26T22:29:09Z">
          <reporter-output>
          </reporter-output>
        </test-method> <!-- aSingleNumberM -->
        <test-method status="PASS" signature="aSingleNumberV()[pri:0, instance:com.swa.samples.RomanNumberTranslatorTest@3701eaf6]" name="aSingleNumberV" duration-ms="0" started-at="2016-04-26T22:29:09Z" finished-at="2016-04-26T22:29:09Z">
          <reporter-output>
          </reporter-output>
        </test-method> <!-- aSingleNumberV -->
        <test-method status="PASS" signature="aSingleNumberD()[pri:0, instance:com.swa.samples.RomanNumberTranslatorTest@3701eaf6]" name="aSingleNumberD" duration-ms="0" started-at="2016-04-26T22:29:09Z" finished-at="2016-04-26T22:29:09Z">
          <reporter-output>
          </reporter-output>
        </test-method> <!-- aSingleNumberD -->
        <test-method status="PASS" signature="aSingleNumberL()[pri:0, instance:com.swa.samples.RomanNumberTranslatorTest@3701eaf6]" name="aSingleNumberL" duration-ms="0" started-at="2016-04-26T22:29:09Z" finished-at="2016-04-26T22:29:09Z">
          <reporter-output>
          </reporter-output>
        </test-method> <!-- aSingleNumberL -->
        <test-method status="PASS" signature="aSingleNumberI()[pri:0, instance:com.swa.samples.RomanNumberTranslatorTest@3701eaf6]" name="aSingleNumberI" duration-ms="0" started-at="2016-04-26T22:29:09Z" finished-at="2016-04-26T22:29:09Z">
          <reporter-output>
          </reporter-output>
        </test-method> <!-- aSingleNumberI -->
        <test-method status="PASS" signature="fourLetterBaseTen()[pri:0, instance:com.swa.samples.RomanNumberTranslatorTest@3701eaf6]" name="fourLetterBaseTen" duration-ms="16" started-at="2016-04-26T22:29:09Z" finished-at="2016-04-26T22:29:09Z">
          <reporter-output>
          </reporter-output>
        </test-method> <!-- fourLetterBaseTen -->
        <test-method status="PASS" signature="aSingleNumberX()[pri:0, instance:com.swa.samples.RomanNumberTranslatorTest@3701eaf6]" name="aSingleNumberX" duration-ms="0" started-at="2016-04-26T22:29:09Z" finished-at="2016-04-26T22:29:09Z">
          <reporter-output>
          </reporter-output>
        </test-method> <!-- aSingleNumberX -->
        <test-method status="PASS" signature="letterTipoFiveRepeted_CMM()[pri:0, instance:com.swa.samples.RomanNumberTranslatorTest@3701eaf6]" name="letterTipoFiveRepeted_CMM" duration-ms="0" started-at="2016-04-26T22:29:09Z" finished-at="2016-04-26T22:29:09Z">
          <reporter-output>
          </reporter-output>
        </test-method> <!-- letterTipoFiveRepeted_CMM -->
        <test-method status="PASS" signature="letterTipoFiveRepeted_IVI()[pri:0, instance:com.swa.samples.RomanNumberTranslatorTest@3701eaf6]" name="letterTipoFiveRepeted_IVI" duration-ms="0" started-at="2016-04-26T22:29:09Z" finished-at="2016-04-26T22:29:09Z">
          <reporter-output>
          </reporter-output>
        </test-method> <!-- letterTipoFiveRepeted_IVI -->
        <test-method status="PASS" signature="letterTipoFiveRepetedLXL()[pri:0, instance:com.swa.samples.RomanNumberTranslatorTest@3701eaf6]" name="letterTipoFiveRepetedLXL" duration-ms="0" started-at="2016-04-26T22:29:09Z" finished-at="2016-04-26T22:29:09Z">
          <reporter-output>
          </reporter-output>
        </test-method> <!-- letterTipoFiveRepetedLXL -->
        <test-method status="PASS" signature="letterTipoFiveRepeted_CMC()[pri:0, instance:com.swa.samples.RomanNumberTranslatorTest@3701eaf6]" name="letterTipoFiveRepeted_CMC" duration-ms="0" started-at="2016-04-26T22:29:09Z" finished-at="2016-04-26T22:29:09Z">
          <reporter-output>
          </reporter-output>
        </test-method> <!-- letterTipoFiveRepeted_CMC -->
        <test-method status="PASS" signature="letterTipoFiveRepeted_IXVI()[pri:0, instance:com.swa.samples.RomanNumberTranslatorTest@3701eaf6]" name="letterTipoFiveRepeted_IXVI" duration-ms="0" started-at="2016-04-26T22:29:09Z" finished-at="2016-04-26T22:29:09Z">
          <reporter-output>
          </reporter-output>
        </test-method> <!-- letterTipoFiveRepeted_IXVI -->
        <test-method status="PASS" signature="letter_Type5subtract_45()[pri:0, instance:com.swa.samples.RomanNumberTranslatorTest@3701eaf6]" name="letter_Type5subtract_45" duration-ms="15" started-at="2016-04-26T22:29:10Z" finished-at="2016-04-26T22:29:10Z">
          <reporter-output>
          </reporter-output>
        </test-method> <!-- letter_Type5subtract_45 -->
        <test-method status="PASS" signature="letterTypeIwithTwoMoreVaue_IXX()[pri:0, instance:com.swa.samples.RomanNumberTranslatorTest@3701eaf6]" name="letterTypeIwithTwoMoreVaue_IXX" duration-ms="0" started-at="2016-04-26T22:29:10Z" finished-at="2016-04-26T22:29:10Z">
          <reporter-output>
          </reporter-output>
        </test-method> <!-- letterTypeIwithTwoMoreVaue_IXX -->
        <test-method status="PASS" signature="letter_Type5subtract_405()[pri:0, instance:com.swa.samples.RomanNumberTranslatorTest@3701eaf6]" name="letter_Type5subtract_405" duration-ms="0" started-at="2016-04-26T22:29:10Z" finished-at="2016-04-26T22:29:10Z">
          <reporter-output>
          </reporter-output>
        </test-method> <!-- letter_Type5subtract_405 -->
        <test-method status="PASS" signature="letterTypeIwithTwoMoreVaueXCLX()[pri:0, instance:com.swa.samples.RomanNumberTranslatorTest@3701eaf6]" name="letterTypeIwithTwoMoreVaueXCLX" duration-ms="0" started-at="2016-04-26T22:29:10Z" finished-at="2016-04-26T22:29:10Z">
          <reporter-output>
          </reporter-output>
        </test-method> <!-- letterTypeIwithTwoMoreVaueXCLX -->
        <test-method status="PASS" signature="letterTypeIwithTwoMoreVaueVIX()[pri:0, instance:com.swa.samples.RomanNumberTranslatorTest@3701eaf6]" name="letterTypeIwithTwoMoreVaueVIX" duration-ms="0" started-at="2016-04-26T22:29:10Z" finished-at="2016-04-26T22:29:10Z">
          <reporter-output>
          </reporter-output>
        </test-method> <!-- letterTypeIwithTwoMoreVaueVIX -->
        <test-method status="PASS" signature="letterTypeIrepeted()[pri:0, instance:com.swa.samples.RomanNumberTranslatorTest@3701eaf6]" name="letterTypeIrepeted" duration-ms="0" started-at="2016-04-26T22:29:10Z" finished-at="2016-04-26T22:29:10Z">
          <reporter-output>
          </reporter-output>
        </test-method> <!-- letterTypeIrepeted -->
        <test-method status="PASS" signature="letterTipoFiveRepeted_XCC()[pri:0, instance:com.swa.samples.RomanNumberTranslatorTest@3701eaf6]" name="letterTipoFiveRepeted_XCC" duration-ms="0" started-at="2016-04-26T22:29:10Z" finished-at="2016-04-26T22:29:10Z">
          <reporter-output>
          </reporter-output>
        </test-method> <!-- letterTipoFiveRepeted_XCC -->
        <test-method status="FAIL" signature="letterTipoOneandRepetedLeft_IIV()[pri:0, instance:com.swa.samples.RomanNumberTranslatorTest@3701eaf6]" name="letterTipoOneandRepetedLeft_IIV" duration-ms="0" started-at="2016-04-26T22:29:10Z" finished-at="2016-04-26T22:29:10Z">
          <exception class="java.lang.AssertionError">
            <message>
              <![CDATA[No exception was throw it is a invalid Number]]>
            </message>
            <full-stacktrace>
              <![CDATA[java.lang.AssertionError: No exception was throw it is a invalid Number
	at org.testng.Assert.fail(Assert.java:94)
	at com.swa.samples.RomanNumberTranslatorTest.letterTipoOneandRepetedLeft_IIV(RomanNumberTranslatorTest.java:309)
	at sun.reflect.NativeMethodAccessorImpl.invoke0(Native Method)
	at sun.reflect.NativeMethodAccessorImpl.invoke(NativeMethodAccessorImpl.java:62)
	at sun.reflect.DelegatingMethodAccessorImpl.invoke(DelegatingMethodAccessorImpl.java:43)
	at java.lang.reflect.Method.invoke(Method.java:497)
	at org.testng.internal.MethodInvocationHelper.invokeMethod(MethodInvocationHelper.java:86)
	at org.testng.internal.Invoker.invokeMethod(Invoker.java:643)
	at org.testng.internal.Invoker.invokeTestMethod(Invoker.java:820)
	at org.testng.internal.Invoker.invokeTestMethods(Invoker.java:1128)
	at org.testng.internal.TestMethodWorker.invokeTestMethods(TestMethodWorker.java:129)
	at org.testng.internal.TestMethodWorker.run(TestMethodWorker.java:112)
	at org.testng.TestRunner.privateRun(TestRunner.java:782)
	at org.testng.TestRunner.run(TestRunner.java:632)
	at org.testng.SuiteRunner.runTest(SuiteRunner.java:366)
	at org.testng.SuiteRunner.runSequentially(SuiteRunner.java:361)
	at org.testng.SuiteRunner.privateRun(SuiteRunner.java:319)
	at org.testng.SuiteRunner.run(SuiteRunner.java:268)
	at org.testng.SuiteRunnerWorker.runSuite(SuiteRunnerWorker.java:52)
	at org.testng.SuiteRunnerWorker.run(SuiteRunnerWorker.java:86)
	at org.testng.TestNG.runSuitesSequentially(TestNG.java:1244)
	at org.testng.TestNG.runSuitesLocally(TestNG.java:1169)
	at org.testng.TestNG.run(TestNG.java:1064)
	at org.testng.remote.AbstractRemoteTestNG.run(AbstractRemoteTestNG.java:126)
	at org.testng.remote.RemoteTestNG.initAndRun(RemoteTestNG.java:137)
	at org.testng.remote.RemoteTestNG.main(RemoteTestNG.java:58)
]]>
            </full-stacktrace>
          </exception> <!-- java.lang.AssertionError -->
          <reporter-output>
          </reporter-output>
        </test-method> <!-- letterTipoOneandRepetedLeft_IIV -->
        <test-method status="PASS" signature="letter_Type5subtract_450()[pri:0, instance:com.swa.samples.RomanNumberTranslatorTest@3701eaf6]" name="letter_Type5subtract_450" duration-ms="0" started-at="2016-04-26T22:29:10Z" finished-at="2016-04-26T22:29:10Z">
          <reporter-output>
          </reporter-output>
        </test-method> <!-- letter_Type5subtract_450 -->
        <test-method status="PASS" signature="moreThanTwoLetters_XLV()[pri:0, instance:com.swa.samples.RomanNumberTranslatorTest@3701eaf6]" name="moreThanTwoLetters_XLV" duration-ms="0" started-at="2016-04-26T22:29:10Z" finished-at="2016-04-26T22:29:10Z">
          <reporter-output>
          </reporter-output>
        </test-method> <!-- moreThanTwoLetters_XLV -->
        <test-method status="PASS" signature="numbers_I_and_base10_cannot_repeat_just_4times()[pri:0, instance:com.swa.samples.RomanNumberTranslatorTest@3701eaf6]" name="numbers_I_and_base10_cannot_repeat_just_4times" duration-ms="0" started-at="2016-04-26T22:29:10Z" finished-at="2016-04-26T22:29:10Z">
          <reporter-output>
          </reporter-output>
        </test-method> <!-- numbers_I_and_base10_cannot_repeat_just_4times -->
        <test-method status="PASS" signature="numberWithBaseDCanNotBeRepeated_DDD()[pri:0, instance:com.swa.samples.RomanNumberTranslatorTest@3701eaf6]" name="numberWithBaseDCanNotBeRepeated_DDD" duration-ms="0" started-at="2016-04-26T22:29:10Z" finished-at="2016-04-26T22:29:10Z">
          <reporter-output>
          </reporter-output>
        </test-method> <!-- numberWithBaseDCanNotBeRepeated_DDD -->
        <test-method status="PASS" signature="numberWithBaseLCanNotBeRepeated_LL()[pri:0, instance:com.swa.samples.RomanNumberTranslatorTest@3701eaf6]" name="numberWithBaseLCanNotBeRepeated_LL" duration-ms="0" started-at="2016-04-26T22:29:10Z" finished-at="2016-04-26T22:29:10Z">
          <reporter-output>
          </reporter-output>
        </test-method> <!-- numberWithBaseLCanNotBeRepeated_LL -->
        <test-method status="PASS" signature="numberWithBaseVCanNotBeRepeated_VV()[pri:0, instance:com.swa.samples.RomanNumberTranslatorTest@3701eaf6]" name="numberWithBaseVCanNotBeRepeated_VV" duration-ms="0" started-at="2016-04-26T22:29:10Z" finished-at="2016-04-26T22:29:10Z">
          <reporter-output>
          </reporter-output>
        </test-method> <!-- numberWithBaseVCanNotBeRepeated_VV -->
        <test-method status="PASS" signature="thereLetterTest_VIII()[pri:0, instance:com.swa.samples.RomanNumberTranslatorTest@3701eaf6]" name="thereLetterTest_VIII" duration-ms="0" started-at="2016-04-26T22:29:10Z" finished-at="2016-04-26T22:29:10Z">
          <reporter-output>
          </reporter-output>
        </test-method> <!-- thereLetterTest_VIII -->
        <test-method status="PASS" signature="letter_Type5subtract_9()[pri:0, instance:com.swa.samples.RomanNumberTranslatorTest@3701eaf6]" name="letter_Type5subtract_9" duration-ms="0" started-at="2016-04-26T22:29:10Z" finished-at="2016-04-26T22:29:10Z">
          <reporter-output>
          </reporter-output>
        </test-method> <!-- letter_Type5subtract_9 -->
        <test-method status="PASS" signature="saveNumberInFile()[pri:0, instance:com.swa.samples.RomanNumberTranslatorTest@3701eaf6]" name="saveNumberInFile" duration-ms="0" started-at="2016-04-26T22:29:10Z" finished-at="2016-04-26T22:29:10Z">
          <reporter-output>
          </reporter-output>
        </test-method> <!-- saveNumberInFile -->
        <test-method status="PASS" signature="threeLetterBaseTen()[pri:0, instance:com.swa.samples.RomanNumberTranslatorTest@3701eaf6]" name="threeLetterBaseTen" duration-ms="1" started-at="2016-04-26T22:29:10Z" finished-at="2016-04-26T22:29:10Z">
          <reporter-output>
          </reporter-output>
        </test-method> <!-- threeLetterBaseTen -->
        <test-method status="PASS" signature="twoLetterWithLessValueToTheLeftIV()[pri:0, instance:com.swa.samples.RomanNumberTranslatorTest@3701eaf6]" name="twoLetterWithLessValueToTheLeftIV" duration-ms="1" started-at="2016-04-26T22:29:10Z" finished-at="2016-04-26T22:29:10Z">
          <reporter-output>
          </reporter-output>
        </test-method> <!-- twoLetterWithLessValueToTheLeftIV -->
      </class> <!-- com.swa.samples.RomanNumberTranslatorTest -->
    </test> <!-- Default test -->
  </suite> <!-- Default suite -->
</testng-results>
